<?xml version="1.0" encoding="UTF-8"?>
<!-- Generated by org.testng.reporters.JUnitReportReporter -->
<testsuite skipped="0" hostname="SINJINI-PC" name="com.mycompany.app.ValidationTest2" tests="3" failures="0" timestamp="26 Jul 2017 18:09:33 GMT" time="0.009" errors="0">
  <testcase name="FlightBookings" time="0.006" classname="com.mycompany.app.ValidationTest2"/>
  <testcase name="FlightCancel" time="0.002" classname="com.mycompany.app.ValidationTest2"/>
  <testcase name="OpeningBrowser" time="0.001" classname="com.mycompany.app.ValidationTest2"/>
</testsuite> <!-- com.mycompany.app.ValidationTest2 -->
